<?xml version="1.0" encoding="UTF-8"?>
<beans xmlns="http://www.springframework.org/schema/beans" xmlns:xsi="http://www.w3.org/2001/XMLSchema-instance"
	xmlns:jee="http://www.springframework.org/schema/jee" xmlns:tx="http://www.springframework.org/schema/tx"
	xmlns:context="http://www.springframework.org/schema/context"
	xsi:schemaLocation="http://www.springframework.org/schema/beans http://www.springframework.org/schema/beans/spring-beans-3.2.xsd
	http://www.springframework.org/schema/tx http://www.springframework.org/schema/tx/spring-tx-3.2.xsd
	http://www.springframework.org/schema/jee http://www.springframework.org/schema/jee/spring-jee-3.2.xsd
	http://www.springframework.org/schema/context http://www.springframework.org/schema/context/spring-context-3.2.xsd"
	default-lazy-init="true">
    
	<bean id="performanceInterceptor" class="com.hujz.framework.orm.mybatis.interceptor.PerformanceInterceptor"></bean>
	<bean id="pageInterceptor" class="com.hujz.framework.orm.mybatis.interceptor.PageInterceptor">
		<property name="databaseType" value="mysql" />
		<property name="regEx" value=".*ByPage" />
	</bean>
	
	<!-- mybatis -->
	<bean id="test-mybatis-sessionFactory" class="org.mybatis.spring.SqlSessionFactoryBean">
		<property name="dataSource" ref="test-dataSource" />
		<!-- 自动扫描sqlmap目录，省略configuration.xml里手工配置 -->
		<property name="mapperLocations" value="classpath:conf/soft/mybatis/mapper/*.xml" />
		<property name="plugins">
			<list>
				<ref bean="performanceInterceptor" />
				<ref bean="pageInterceptor" />
			</list>
		</property>
	</bean>
    
	<bean class="com.hujz.framework.orm.mybatis.spring.MapperScannerConfigurer">
	    <property name="basePackage" value="com.hujz.**.dao"/>
	    <property name="properties">
	        <value>
	            mappers=com.hujz.framework.orm.GenericDao
	        </value>
	    </property>
	</bean>
	
		
	<!-- 配置事务管理器 -->
	<bean name="transactionManager" class="org.springframework.jdbc.datasource.DataSourceTransactionManager">
		<property name="dataSource" ref="test-dataSource" />
	</bean>
	<!-- 配置 Annotation 驱动，扫描@Transactional注解的类定义事务  -->
	<tx:annotation-driven transaction-manager="transactionManager" proxy-target-class="true"/>
	
</beans>