<?xml version="1.0" encoding="UTF-8"?>
<beans xmlns="http://www.springframework.org/schema/beans" xmlns:xsi="http://www.w3.org/2001/XMLSchema-instance"
	xmlns:jee="http://www.springframework.org/schema/jee" xmlns:tx="http://www.springframework.org/schema/tx"
	xmlns:context="http://www.springframework.org/schema/context"
	xsi:schemaLocation="http://www.springframework.org/schema/beans http://www.springframework.org/schema/beans/spring-beans-3.2.xsd
	http://www.springframework.org/schema/tx http://www.springframework.org/schema/tx/spring-tx-3.2.xsd
	http://www.springframework.org/schema/jee http://www.springframework.org/schema/jee/spring-jee-3.2.xsd
	http://www.springframework.org/schema/context http://www.springframework.org/schema/context/spring-context-3.2.xsd"
	default-lazy-init="true">
	<!-- hibernate配置文件 -->
	<bean id="test-hibernate-sessionFactory" class="org.springframework.orm.hibernate4.LocalSessionFactoryBean">
        <property name="dataSource" ref="test-dataSource" />  
		<property name="packagesToScan">
			<list>
				<value>com.hujz.**.entity</value>
			</list>
		</property>
		<property name="hibernateProperties">
			<props>
				<prop key="hibernate.dialect">${hibernate.test.dialect}</prop>
				<prop key="hibernate.connection.autocommit">true</prop> 
				<prop key="hibernate.current_session_context_class">org.springframework.orm.hibernate4.SpringSessionContext</prop> 
				<prop key="hibernate.jdbc.batch_size">30</prop>
				<prop key="hibernate.jdbc.fetch_size">50</prop>
				<prop key="hibernate.default_batch_fetch_size">60</prop>
				<prop key="hibernate.jdbc.use_reflection_optimizer">true</prop>
				<prop key="hibernate.jdbc.use_scrollable_resultset">false</prop>
				<prop key="hibernate.connection.autoReconnect">true</prop> 
		        <prop key="hibernate.connection.autoReconnectForPools">true</prop> 
		        <prop key="hibernate.connection.is-connection-validation-required">true</prop> 
				<prop key="hibernate.show_sql">${hibernate.test.show_sql}</prop>
				<prop key="hibernate.format_sql">${hibernate.test.format_sql}</prop>
                <prop key="hibernate.hbm2ddl.auto">update</prop>
			</props>
		</property>
		<property name="namingStrategy"><bean class="com.hujz.framework.orm.hibernate.HibernateNamingStrategy"></bean></property>
    </bean>
    <bean id="test-hibernate-hibernateTemplate" class="org.springframework.orm.hibernate4.HibernateTemplate">
        <property name="sessionFactory">
            <ref bean="test-hibernate-sessionFactory"/>
        </property>
	</bean>
	
	<!-- 这个事务配置mybatis也可以用 -->
    <bean id="transactionManager" class="org.springframework.orm.hibernate4.HibernateTransactionManager">  
        <property name="sessionFactory" ref="test-hibernate-sessionFactory" />  
    </bean>  
    
    <!-- 配置 Annotation 驱动，扫描@Transactional注解的类定义事务 -->
	<tx:annotation-driven transaction-manager="transactionManager" proxy-target-class="true"/>
</beans>